Arguments: 
  C:\Program Files\nodejs\node.exe C:\Program Files (x86)\Yarn\bin\yarn.js add mongoose-unique-validator

PATH: 
  C:\ProgramData\Oracle\Java\javapath;C:\WINDOWS\system32;C:\WINDOWS;C:\WINDOWS\System32\Wbem;C:\WINDOWS\System32\WindowsPowerShell\v1.0\;C:\Users\DarwinDo\AppData\Local\Microsoft\WindowsApps;C:\adb;C:\WINDOWS\system32;C:\WINDOWS;C:\WINDOWS\System32\Wbem;C:\WINDOWS\System32\WindowsPowerShell\v1.0\;C:\Program Files (x86)\Skype\Phone\;C:\PostgreSQL\pg96\bin;C:\Program Files\Git\cmd;C:\Program Files\Notepad++;C:\Program Files\Perforce;C:\Program Files (x86)\Brackets\command;C:\Program Files\nodejs\;C:\Program Files\MongoDB\Server\3.4\bin;C:\Python34;C:\Python34\Scripts;C:\Users\DarwinDo\AppData\Roaming\npm;C:\Program Files\Heroku\bin;C:\Program Files (x86)\Yarn\bin;C:\Program Files\MongoDB\Server\3.4\bin;C:\Users\DarwinDo\AppData\Local\atom\bin;C:\Users\DarwinDo\AppData\Local\Microsoft\WindowsApps;C:\Users\DarwinDo\AppData\Local\Yarn\bin

Yarn version: 
  1.3.2

Node version: 
  8.5.0

Platform: 
  win32 x64

npm manifest: 
  {
    "name": "bookworm-api",
    "version": "1.0.0",
    "description": "",
    "main": "index.js",
    "scripts": {
      "test": "echo \"Error: no test specified\" && exit 1",
      "start": "nodemon --exec babel-node -- src/index.js"
    },
    "author": "",
    "license": "ISC",
    "dependencies": {
      "bcrypt": "^1.0.3",
      "bluebird": "^3.5.1",
      "dotenv": "^4.0.0",
      "express": "^4.16.2",
      "jsonwebtoken": "^8.1.1",
      "mongoose": "^5.0.1"
    },
    "devDependencies": {
      "babel-cli": "^6.26.0",
      "babel-eslint": "^8.2.1",
      "babel-preset-env": "^1.6.1",
      "eslint": "^4.16.0",
      "eslint-config-airbnb": "^15.0.1",
      "eslint-config-prettier": "^2.9.0",
      "eslint-plugin-import": "^2.8.0",
      "eslint-plugin-jsx-a11y": "^5.1.1",
      "eslint-plugin-prettier": "^2.5.0",
      "eslint-plugin-react": "^7.5.1",
      "nodemon": "^1.14.11",
      "prettier": "^1.10.2"
    }
  }

yarn manifest: 
  No manifest

Lockfile: 
  No lockfile

Trace: 
  Error: EPERM: operation not permitted, unlink 'C:\Users\DarwinDo\Dropbox\YoutubeTutorial\1801BookWormBuildRealWebApp\bookworm-api\node_modules\bcrypt\lib\binding\bcrypt_lib.node'
